[Tue May 20 03:16:50 2014] [notice] FastCGI: process manager initialized (pid 2023)
[Tue May 20 03:16:50 2014] [notice] Digest: generating secret for digest authentication ...
[Tue May 20 03:16:50 2014] [notice] Digest: done
[Tue May 20 03:16:50 2014] [notice] Apache/2.2.26 (Unix) mod_fastcgi/2.4.6 mod_wsgi/3.4 Python/2.7.6 PHP/5.5.10 mod_ssl/2.2.26 OpenSSL/0.9.8y DAV/2 mod_perl/2.0.8 Perl/v5.18.2 configured -- resuming normal operations
[Tue May 20 03:16:53 2014] [error] [client ::1] File does not exist: /Applications/MAMP/htdocs/docs-assets
[Tue May 20 04:26:05 2014] [error] [client ::1] client denied by server configuration: /Applications/MAMP/htdocs/.DS_Store
[Tue May 20 04:26:08 2014] [error] [client ::1] client denied by server configuration: /Applications/MAMP/htdocs/.DS_Store, referer: http://localhost:8888/
[Tue May 20 04:26:12 2014] [error] [client ::1] client denied by server configuration: /Applications/MAMP/htdocs/.DS_Store, referer: http://localhost:8888/
[Tue May 20 04:26:19 2014] [error] [client ::1] client denied by server configuration: /Applications/MAMP/htdocs/.DS_Store
[Tue May 20 04:26:24 2014] [error] [client ::1] client denied by server configuration: /Applications/MAMP/htdocs/.DS_Store
[Tue May 20 04:26:28 2014] [error] [client ::1] client denied by server configuration: /Applications/MAMP/htdocs/.DS_Store
[Tue May 20 04:26:36 2014] [notice] caught SIGTERM, shutting down
[Tue May 20 04:26:41 2014] [notice] FastCGI: process manager initialized (pid 3170)
[Tue May 20 04:26:41 2014] [notice] Digest: generating secret for digest authentication ...
[Tue May 20 04:26:41 2014] [notice] Digest: done
[Tue May 20 04:26:41 2014] [notice] Apache/2.2.26 (Unix) mod_fastcgi/2.4.6 mod_wsgi/3.4 Python/2.7.6 PHP/5.5.10 mod_ssl/2.2.26 OpenSSL/0.9.8y DAV/2 mod_perl/2.0.8 Perl/v5.18.2 configured -- resuming normal operations
[Tue May 20 04:26:44 2014] [error] [client ::1] client denied by server configuration: /Applications/MAMP/htdocs/.DS_Store
[Tue May 20 04:26:47 2014] [error] [client ::1] client denied by server configuration: /Applications/MAMP/htdocs/.DS_Store, referer: http://localhost:8888/
[Tue May 20 04:26:48 2014] [error] [client ::1] client denied by server configuration: /Applications/MAMP/htdocs/.DS_Store, referer: http://localhost:8888/
[Tue May 20 04:26:49 2014] [error] [client ::1] client denied by server configuration: /Applications/MAMP/htdocs/.DS_Store, referer: http://localhost:8888/
[Tue May 20 04:26:49 2014] [error] [client ::1] client denied by server configuration: /Applications/MAMP/htdocs/.DS_Store, referer: http://localhost:8888/
[Tue May 20 04:26:49 2014] [error] [client ::1] client denied by server configuration: /Applications/MAMP/htdocs/.DS_Store, referer: http://localhost:8888/
[Tue May 20 04:26:50 2014] [error] [client ::1] client denied by server configuration: /Applications/MAMP/htdocs/.DS_Store, referer: http://localhost:8888/
[Tue May 20 04:27:47 2014] [error] [client ::1] client denied by server configuration: /Applications/MAMP/htdocs/.DS_Store
[Tue May 20 04:27:48 2014] [error] [client ::1] File does not exist: /Applications/MAMP/htdocs/unlock/home, referer: http://localhost:8888/
[Tue May 20 04:30:29 2014] [error] [client ::1] script '/Applications/MAMP/htdocs/unlock/unset.php' not found or unable to stat
[Tue May 20 08:10:25 2014] [notice] caught SIGTERM, shutting down
[Tue May 27 12:45:21 2014] [notice] FastCGI: process manager initialized (pid 840)
[Tue May 27 12:45:22 2014] [notice] Digest: generating secret for digest authentication ...
[Tue May 27 12:45:22 2014] [notice] Digest: done
[Tue May 27 12:45:22 2014] [notice] Apache/2.2.26 (Unix) mod_fastcgi/2.4.6 mod_wsgi/3.4 Python/2.7.6 PHP/5.5.10 mod_ssl/2.2.26 OpenSSL/0.9.8y DAV/2 mod_perl/2.0.8 Perl/v5.18.2 configured -- resuming normal operations
[Thu May 29 17:14:20 2014] [notice] caught SIGTERM, shutting down
[Thu May 29 23:44:58 2014] [notice] FastCGI: process manager initialized (pid 19851)
[Thu May 29 23:44:59 2014] [notice] Digest: generating secret for digest authentication ...
[Thu May 29 23:44:59 2014] [notice] Digest: done
[Thu May 29 23:44:59 2014] [notice] Apache/2.2.26 (Unix) mod_fastcgi/2.4.6 mod_wsgi/3.4 Python/2.7.6 PHP/5.5.10 mod_ssl/2.2.26 OpenSSL/0.9.8y DAV/2 mod_perl/2.0.8 Perl/v5.18.2 configured -- resuming normal operations
[Thu May 29 23:45:06 2014] [error] [client ::1] File does not exist: /Applications/MAMP/htdocs/unlock/img/12345.jpg, referer: http://localhost:8888/unlock/cliente.php
[Thu May 29 23:45:06 2014] [error] [client ::1] File does not exist: /Applications/MAMP/htdocs/unlock/img/in-tyler-we-trust-artistic-hd-wallpaper-1920x1080-, referer: http://localhost:8888/unlock/cliente.php
[Thu May 29 23:45:06 2014] [error] [client ::1] File does not exist: /Applications/MAMP/htdocs/unlock/img/pavo-real.jpg, referer: http://localhost:8888/unlock/cliente.php
[Thu May 29 23:45:06 2014] [error] [client ::1] File does not exist: /Applications/MAMP/htdocs/unlock/img/unlock1.jpg, referer: http://localhost:8888/unlock/cliente.php
[Thu May 29 23:56:37 2014] [error] [client ::1] File does not exist: /Applications/MAMP/htdocs/unlock/img/12345.jpg, referer: http://localhost:8888/unlock/cliente.php
[Thu May 29 23:56:37 2014] [error] [client ::1] File does not exist: /Applications/MAMP/htdocs/unlock/img/pavo-real.jpg, referer: http://localhost:8888/unlock/cliente.php
[Thu May 29 23:56:37 2014] [error] [client ::1] File does not exist: /Applications/MAMP/htdocs/unlock/img/in-tyler-we-trust-artistic-hd-wallpaper-1920x1080-, referer: http://localhost:8888/unlock/cliente.php
[Thu May 29 23:56:37 2014] [error] [client ::1] File does not exist: /Applications/MAMP/htdocs/unlock/img/unlock1.jpg, referer: http://localhost:8888/unlock/cliente.php
[Thu May 29 23:57:10 2014] [error] [client ::1] File does not exist: /Applications/MAMP/htdocs/unlock/img/12345.jpg, referer: http://localhost:8888/unlock/cliente.php
[Thu May 29 23:57:10 2014] [error] [client ::1] File does not exist: /Applications/MAMP/htdocs/unlock/img/in-tyler-we-trust-artistic-hd-wallpaper-1920x1080-, referer: http://localhost:8888/unlock/cliente.php
[Thu May 29 23:57:10 2014] [error] [client ::1] File does not exist: /Applications/MAMP/htdocs/unlock/img/pavo-real.jpg, referer: http://localhost:8888/unlock/cliente.php
[Thu May 29 23:57:10 2014] [error] [client ::1] File does not exist: /Applications/MAMP/htdocs/unlock/img/unlock1.jpg, referer: http://localhost:8888/unlock/cliente.php
[Thu May 29 23:58:26 2014] [error] [client ::1] File does not exist: /Applications/MAMP/htdocs/unlock/img/12345.jpg, referer: http://localhost:8888/unlock/cliente.php
[Thu May 29 23:58:26 2014] [error] [client ::1] File does not exist: /Applications/MAMP/htdocs/unlock/img/in-tyler-we-trust-artistic-hd-wallpaper-1920x1080-, referer: http://localhost:8888/unlock/cliente.php
[Thu May 29 23:58:26 2014] [error] [client ::1] File does not exist: /Applications/MAMP/htdocs/unlock/img/pavo-real.jpg, referer: http://localhost:8888/unlock/cliente.php
[Thu May 29 23:58:26 2014] [error] [client ::1] File does not exist: /Applications/MAMP/htdocs/unlock/img/unlock1.jpg, referer: http://localhost:8888/unlock/cliente.php
[Thu May 29 23:58:44 2014] [error] [client ::1] File does not exist: /Applications/MAMP/htdocs/unlock/img/12345.jpg, referer: http://localhost:8888/unlock/cliente.php
[Thu May 29 23:58:44 2014] [error] [client ::1] File does not exist: /Applications/MAMP/htdocs/unlock/img/in-tyler-we-trust-artistic-hd-wallpaper-1920x1080-, referer: http://localhost:8888/unlock/cliente.php
[Thu May 29 23:58:44 2014] [error] [client ::1] File does not exist: /Applications/MAMP/htdocs/unlock/img/pavo-real.jpg, referer: http://localhost:8888/unlock/cliente.php
[Thu May 29 23:58:44 2014] [error] [client ::1] File does not exist: /Applications/MAMP/htdocs/unlock/img/unlock1.jpg, referer: http://localhost:8888/unlock/cliente.php
[Thu May 29 23:59:07 2014] [error] [client ::1] File does not exist: /Applications/MAMP/htdocs/unlock/img/12345.jpg, referer: http://localhost:8888/unlock/cliente.php
[Thu May 29 23:59:07 2014] [error] [client ::1] File does not exist: /Applications/MAMP/htdocs/unlock/img/in-tyler-we-trust-artistic-hd-wallpaper-1920x1080-, referer: http://localhost:8888/unlock/cliente.php
[Thu May 29 23:59:07 2014] [error] [client ::1] File does not exist: /Applications/MAMP/htdocs/unlock/img/pavo-real.jpg, referer: http://localhost:8888/unlock/cliente.php
[Thu May 29 23:59:07 2014] [error] [client ::1] File does not exist: /Applications/MAMP/htdocs/unlock/img/unlock1.jpg, referer: http://localhost:8888/unlock/cliente.php
[Thu May 29 23:59:21 2014] [error] [client ::1] File does not exist: /Applications/MAMP/htdocs/unlock/img/12345.jpg, referer: http://localhost:8888/unlock/cliente.php
[Thu May 29 23:59:21 2014] [error] [client ::1] File does not exist: /Applications/MAMP/htdocs/unlock/img/in-tyler-we-trust-artistic-hd-wallpaper-1920x1080-, referer: http://localhost:8888/unlock/cliente.php
[Thu May 29 23:59:21 2014] [error] [client ::1] File does not exist: /Applications/MAMP/htdocs/unlock/img/pavo-real.jpg, referer: http://localhost:8888/unlock/cliente.php
[Thu May 29 23:59:21 2014] [error] [client ::1] File does not exist: /Applications/MAMP/htdocs/unlock/img/unlock1.jpg, referer: http://localhost:8888/unlock/cliente.php
[Fri May 30 00:02:38 2014] [error] [client ::1] File does not exist: /Applications/MAMP/htdocs/unlock/img/12345.jpg, referer: http://localhost:8888/unlock/cliente.php
[Fri May 30 00:02:38 2014] [error] [client ::1] File does not exist: /Applications/MAMP/htdocs/unlock/img/in-tyler-we-trust-artistic-hd-wallpaper-1920x1080-, referer: http://localhost:8888/unlock/cliente.php
[Fri May 30 00:02:38 2014] [error] [client ::1] File does not exist: /Applications/MAMP/htdocs/unlock/img/pavo-real.jpg, referer: http://localhost:8888/unlock/cliente.php
[Fri May 30 00:02:38 2014] [error] [client ::1] File does not exist: /Applications/MAMP/htdocs/unlock/img/unlock1.jpg, referer: http://localhost:8888/unlock/cliente.php
[Fri May 30 00:03:07 2014] [error] [client ::1] File does not exist: /Applications/MAMP/htdocs/unlock/img/12345.jpg, referer: http://localhost:8888/unlock/cliente.php
[Fri May 30 00:03:07 2014] [error] [client ::1] File does not exist: /Applications/MAMP/htdocs/unlock/img/in-tyler-we-trust-artistic-hd-wallpaper-1920x1080-, referer: http://localhost:8888/unlock/cliente.php
[Fri May 30 00:03:07 2014] [error] [client ::1] File does not exist: /Applications/MAMP/htdocs/unlock/img/unlock1.jpg, referer: http://localhost:8888/unlock/cliente.php
[Fri May 30 00:03:07 2014] [error] [client ::1] File does not exist: /Applications/MAMP/htdocs/unlock/img/pavo-real.jpg, referer: http://localhost:8888/unlock/cliente.php
[Fri May 30 00:03:07 2014] [error] [client ::1] File does not exist: /Applications/MAMP/htdocs/unlock/img/base-de-carga-dual-charger-para-control-de-ps4-113, referer: http://localhost:8888/unlock/cliente.php
[Fri May 30 00:06:06 2014] [error] [client ::1] File does not exist: /Applications/MAMP/htdocs/unlock/img/12345.jpg, referer: http://localhost:8888/unlock/cliente.php
[Fri May 30 00:06:06 2014] [error] [client ::1] File does not exist: /Applications/MAMP/htdocs/unlock/img/pavo-real.jpg, referer: http://localhost:8888/unlock/cliente.php
[Fri May 30 00:06:06 2014] [error] [client ::1] File does not exist: /Applications/MAMP/htdocs/unlock/img/in-tyler-we-trust-artistic-hd-wallpaper-1920x1080-, referer: http://localhost:8888/unlock/cliente.php
[Fri May 30 00:06:06 2014] [error] [client ::1] File does not exist: /Applications/MAMP/htdocs/unlock/img/unlock1.jpg, referer: http://localhost:8888/unlock/cliente.php
[Fri May 30 00:06:06 2014] [error] [client ::1] File does not exist: /Applications/MAMP/htdocs/unlock/img/base-de-carga-dual-charger-para-control-de-ps4-113, referer: http://localhost:8888/unlock/cliente.php
[Fri May 30 00:44:20 2014] [error] [client ::1] File does not exist: /Applications/MAMP/htdocs/unlock/img/12345.jpg, referer: http://localhost:8888/unlock/cliente.php
[Fri May 30 00:44:20 2014] [error] [client ::1] File does not exist: /Applications/MAMP/htdocs/unlock/img/in-tyler-we-trust-artistic-hd-wallpaper-1920x1080-, referer: http://localhost:8888/unlock/cliente.php
[Fri May 30 00:44:20 2014] [error] [client ::1] File does not exist: /Applications/MAMP/htdocs/unlock/img/pavo-real.jpg, referer: http://localhost:8888/unlock/cliente.php
[Fri May 30 00:44:20 2014] [error] [client ::1] File does not exist: /Applications/MAMP/htdocs/unlock/img/unlock1.jpg, referer: http://localhost:8888/unlock/cliente.php
[Fri May 30 00:44:20 2014] [error] [client ::1] File does not exist: /Applications/MAMP/htdocs/unlock/img/base-de-carga-dual-charger-para-control-de-ps4-113, referer: http://localhost:8888/unlock/cliente.php
[Fri May 30 00:44:20 2014] [error] [client ::1] File does not exist: /Applications/MAMP/htdocs/unlock/img/12345.jpg, referer: http://localhost:8888/unlock/cliente.php
[Fri May 30 00:44:20 2014] [error] [client ::1] File does not exist: /Applications/MAMP/htdocs/unlock/img/in-tyler-we-trust-artistic-hd-wallpaper-1920x1080-, referer: http://localhost:8888/unlock/cliente.php
[Fri May 30 00:44:20 2014] [error] [client ::1] File does not exist: /Applications/MAMP/htdocs/unlock/img/pavo-real.jpg, referer: http://localhost:8888/unlock/cliente.php
[Fri May 30 00:44:20 2014] [error] [client ::1] File does not exist: /Applications/MAMP/htdocs/unlock/img/unlock1.jpg, referer: http://localhost:8888/unlock/cliente.php
[Fri May 30 00:44:20 2014] [error] [client ::1] File does not exist: /Applications/MAMP/htdocs/unlock/img/base-de-carga-dual-charger-para-control-de-ps4-113, referer: http://localhost:8888/unlock/cliente.php
[Fri May 30 00:45:05 2014] [error] [client ::1] File does not exist: /Applications/MAMP/htdocs/unlock/img/12345.jpg, referer: http://localhost:8888/unlock/cliente.php
[Fri May 30 00:45:05 2014] [error] [client ::1] File does not exist: /Applications/MAMP/htdocs/unlock/img/pavo-real.jpg, referer: http://localhost:8888/unlock/cliente.php
[Fri May 30 00:45:05 2014] [error] [client ::1] File does not exist: /Applications/MAMP/htdocs/unlock/img/in-tyler-we-trust-artistic-hd-wallpaper-1920x1080-, referer: http://localhost:8888/unlock/cliente.php
[Fri May 30 00:45:05 2014] [error] [client ::1] File does not exist: /Applications/MAMP/htdocs/unlock/img/unlock1.jpg, referer: http://localhost:8888/unlock/cliente.php
[Fri May 30 00:45:05 2014] [error] [client ::1] File does not exist: /Applications/MAMP/htdocs/unlock/img/base-de-carga-dual-charger-para-control-de-ps4-113, referer: http://localhost:8888/unlock/cliente.php
[Fri May 30 01:02:54 2014] [error] [client ::1] File does not exist: /Applications/MAMP/htdocs/unlock/img/12345.jpg, referer: http://localhost:8888/unlock/cliente.php
[Fri May 30 01:02:54 2014] [error] [client ::1] File does not exist: /Applications/MAMP/htdocs/unlock/img/in-tyler-we-trust-artistic-hd-wallpaper-1920x1080-, referer: http://localhost:8888/unlock/cliente.php
[Fri May 30 01:02:54 2014] [error] [client ::1] File does not exist: /Applications/MAMP/htdocs/unlock/img/pavo-real.jpg, referer: http://localhost:8888/unlock/cliente.php
[Fri May 30 01:02:54 2014] [error] [client ::1] File does not exist: /Applications/MAMP/htdocs/unlock/img/base-de-carga-dual-charger-para-control-de-ps4-113, referer: http://localhost:8888/unlock/cliente.php
[Fri May 30 01:02:54 2014] [error] [client ::1] File does not exist: /Applications/MAMP/htdocs/unlock/img/unlock1.jpg, referer: http://localhost:8888/unlock/cliente.php
[Fri May 30 01:12:23 2014] [error] [client ::1] File does not exist: /Applications/MAMP/htdocs/unlock/img/12345.jpg, referer: http://localhost:8888/unlock/cliente.php
[Fri May 30 01:12:23 2014] [error] [client ::1] File does not exist: /Applications/MAMP/htdocs/unlock/img/in-tyler-we-trust-artistic-hd-wallpaper-1920x1080-, referer: http://localhost:8888/unlock/cliente.php
[Fri May 30 01:12:23 2014] [error] [client ::1] File does not exist: /Applications/MAMP/htdocs/unlock/img/pavo-real.jpg, referer: http://localhost:8888/unlock/cliente.php
[Fri May 30 01:12:23 2014] [error] [client ::1] File does not exist: /Applications/MAMP/htdocs/unlock/img/unlock1.jpg, referer: http://localhost:8888/unlock/cliente.php
[Fri May 30 01:12:23 2014] [error] [client ::1] File does not exist: /Applications/MAMP/htdocs/unlock/img/base-de-carga-dual-charger-para-control-de-ps4-113, referer: http://localhost:8888/unlock/cliente.php
[Fri May 30 01:14:34 2014] [error] [client ::1] File does not exist: /Applications/MAMP/htdocs/unlock/img/12345.jpg, referer: http://localhost:8888/unlock/cliente.php
[Fri May 30 01:14:34 2014] [error] [client ::1] File does not exist: /Applications/MAMP/htdocs/unlock/img/pavo-real.jpg, referer: http://localhost:8888/unlock/cliente.php
[Fri May 30 01:14:34 2014] [error] [client ::1] File does not exist: /Applications/MAMP/htdocs/unlock/img/in-tyler-we-trust-artistic-hd-wallpaper-1920x1080-, referer: http://localhost:8888/unlock/cliente.php
[Fri May 30 01:14:34 2014] [error] [client ::1] File does not exist: /Applications/MAMP/htdocs/unlock/img/unlock1.jpg, referer: http://localhost:8888/unlock/cliente.php
[Fri May 30 01:14:34 2014] [error] [client ::1] File does not exist: /Applications/MAMP/htdocs/unlock/img/base-de-carga-dual-charger-para-control-de-ps4-113, referer: http://localhost:8888/unlock/cliente.php
[Fri May 30 01:47:10 2014] [error] [client ::1] File does not exist: /Applications/MAMP/htdocs/unlock/img/pavo-real.jpg, referer: http://localhost:8888/unlock/cliente.php
[Fri May 30 01:47:10 2014] [error] [client ::1] File does not exist: /Applications/MAMP/htdocs/unlock/img/in-tyler-we-trust-artistic-hd-wallpaper-1920x1080-, referer: http://localhost:8888/unlock/cliente.php
[Fri May 30 01:47:10 2014] [error] [client ::1] File does not exist: /Applications/MAMP/htdocs/unlock/img/unlock1.jpg, referer: http://localhost:8888/unlock/cliente.php
[Fri May 30 01:47:10 2014] [error] [client ::1] File does not exist: /Applications/MAMP/htdocs/unlock/img/12345.jpg, referer: http://localhost:8888/unlock/cliente.php
[Fri May 30 01:47:10 2014] [error] [client ::1] File does not exist: /Applications/MAMP/htdocs/unlock/img/base-de-carga-dual-charger-para-control-de-ps4-113, referer: http://localhost:8888/unlock/cliente.php
[Fri May 30 01:47:10 2014] [error] [client ::1] File does not exist: /Applications/MAMP/htdocs/unlock/img/12345.jpg, referer: http://localhost:8888/unlock/cliente.php
[Fri May 30 01:47:10 2014] [error] [client ::1] File does not exist: /Applications/MAMP/htdocs/unlock/img/in-tyler-we-trust-artistic-hd-wallpaper-1920x1080-, referer: http://localhost:8888/unlock/cliente.php
[Fri May 30 01:47:10 2014] [error] [client ::1] File does not exist: /Applications/MAMP/htdocs/unlock/img/pavo-real.jpg, referer: http://localhost:8888/unlock/cliente.php
[Fri May 30 01:47:10 2014] [error] [client ::1] File does not exist: /Applications/MAMP/htdocs/unlock/img/unlock1.jpg, referer: http://localhost:8888/unlock/cliente.php
[Fri May 30 03:08:20 2014] [error] [client ::1] File does not exist: /Applications/MAMP/htdocs/unlock/img/agencia1.jpg, referer: http://localhost:8888/unlock/cliente.php
[Fri May 30 03:08:20 2014] [error] [client ::1] File does not exist: /Applications/MAMP/htdocs/unlock/img/agencia1.jpg, referer: http://localhost:8888/unlock/cliente.php
[Fri May 30 03:20:25 2014] [error] [client ::1] File does not exist: /Applications/MAMP/htdocs/unlock/img/redbull.gif, referer: http://localhost:8888/unlock/cliente.php
[Fri May 30 03:20:25 2014] [error] [client ::1] File does not exist: /Applications/MAMP/htdocs/unlock/img/agencia1.jpg, referer: http://localhost:8888/unlock/cliente.php
[Fri May 30 03:20:25 2014] [error] [client ::1] File does not exist: /Applications/MAMP/htdocs/unlock/img/agencia1.jpg, referer: http://localhost:8888/unlock/cliente.php
[Fri May 30 03:20:25 2014] [error] [client ::1] File does not exist: /Applications/MAMP/htdocs/unlock/img/redbull.gif, referer: http://localhost:8888/unlock/cliente.php
[Fri May 30 03:29:19 2014] [notice] caught SIGTERM, shutting down
[Fri May 30 03:29:21 2014] [notice] FastCGI: process manager initialized (pid 24301)
[Fri May 30 03:29:21 2014] [notice] Digest: generating secret for digest authentication ...
[Fri May 30 03:29:21 2014] [notice] Digest: done
[Fri May 30 03:29:21 2014] [notice] Apache/2.2.26 (Unix) mod_fastcgi/2.4.6 mod_wsgi/3.4 Python/2.7.6 PHP/5.5.10 mod_ssl/2.2.26 OpenSSL/0.9.8y DAV/2 mod_perl/2.0.8 Perl/v5.18.2 configured -- resuming normal operations
[Fri May 30 03:29:25 2014] [error] [client ::1] File does not exist: /Applications/MAMP/htdocs/unlock/img/agencia1.jpg, referer: http://localhost:8888/unlock/cliente.php
[Fri May 30 03:29:26 2014] [error] [client ::1] File does not exist: /Applications/MAMP/htdocs/unlock/img/img_18.gif, referer: http://localhost:8888/unlock/cliente.php
[Fri May 30 03:31:41 2014] [error] [client ::1] File does not exist: /Applications/MAMP/htdocs/unlock/img/frontimage/agencia1.jpg, referer: http://localhost:8888/unlock/cliente.php
[Fri May 30 03:31:41 2014] [error] [client ::1] File does not exist: /Applications/MAMP/htdocs/unlock/img/img_18.gif, referer: http://localhost:8888/unlock/cliente.php
[Fri May 30 03:32:54 2014] [error] [client ::1] File does not exist: /Applications/MAMP/htdocs/unlock/img/img_18.gif, referer: http://localhost:8888/unlock/cliente.php
[Fri May 30 03:33:14 2014] [error] [client ::1] File does not exist: /Applications/MAMP/htdocs/unlock/img/img_18.gif, referer: http://localhost:8888/unlock/cliente.php
[Fri May 30 03:33:46 2014] [error] [client ::1] File does not exist: /Applications/MAMP/htdocs/unlock/img/img_18.gif, referer: http://localhost:8888/unlock/cliente.php
[Fri May 30 03:33:58 2014] [error] [client ::1] File does not exist: /Applications/MAMP/htdocs/unlock/img/img_18.gif, referer: http://localhost:8888/unlock/cliente.php
[Fri May 30 03:34:04 2014] [error] [client ::1] File does not exist: /Applications/MAMP/htdocs/unlock/img/img_18.gif, referer: http://localhost:8888/unlock/cliente.php
[Fri May 30 03:34:15 2014] [error] [client ::1] File does not exist: /Applications/MAMP/htdocs/unlock/img/img_18.gif, referer: http://localhost:8888/unlock/cliente.php
[Fri May 30 03:34:36 2014] [error] [client ::1] File does not exist: /Applications/MAMP/htdocs/unlock/img/img_18.gif, referer: http://localhost:8888/unlock/cliente.php
[Fri May 30 03:34:42 2014] [error] [client ::1] File does not exist: /Applications/MAMP/htdocs/unlock/img/img_18.gif, referer: http://localhost:8888/unlock/cliente.php
[Fri May 30 03:34:50 2014] [error] [client ::1] File does not exist: /Applications/MAMP/htdocs/unlock/img/img_18.gif, referer: http://localhost:8888/unlock/cliente.php
[Fri May 30 03:34:59 2014] [error] [client ::1] File does not exist: /Applications/MAMP/htdocs/unlock/img/img_18.gif, referer: http://localhost:8888/unlock/cliente.php
[Fri May 30 03:35:04 2014] [error] [client ::1] File does not exist: /Applications/MAMP/htdocs/unlock/img/img_18.gif, referer: http://localhost:8888/unlock/cliente.php
[Fri May 30 03:35:14 2014] [error] [client ::1] File does not exist: /Applications/MAMP/htdocs/unlock/img/img_18.gif, referer: http://localhost:8888/unlock/cliente.php
[Fri May 30 03:35:21 2014] [error] [client ::1] File does not exist: /Applications/MAMP/htdocs/unlock/img/img_18.gif, referer: http://localhost:8888/unlock/cliente.php
[Fri May 30 03:35:30 2014] [error] [client ::1] File does not exist: /Applications/MAMP/htdocs/unlock/img/img_18.gif, referer: http://localhost:8888/unlock/cliente.php
[Fri May 30 03:35:38 2014] [error] [client ::1] File does not exist: /Applications/MAMP/htdocs/unlock/img/img_18.gif, referer: http://localhost:8888/unlock/cliente.php
[Fri May 30 03:35:43 2014] [error] [client ::1] File does not exist: /Applications/MAMP/htdocs/unlock/img/img_18.gif, referer: http://localhost:8888/unlock/cliente.php
[Fri May 30 03:52:42 2014] [error] [client ::1] client denied by server configuration: /Applications/MAMP/htdocs/unlock/img/.DS_Store, referer: http://localhost:8888/unlock/cliente.php
[Fri May 30 05:33:54 2014] [error] [client ::1] File does not exist: /Applications/MAMP/htdocs/unlock/img/frontimage/img_21.gif, referer: http://localhost:8888/unlock/cliente.php
[Fri May 30 05:33:54 2014] [error] [client ::1] File does not exist: /Applications/MAMP/htdocs/unlock/img/frontimage/img_21.gif, referer: http://localhost:8888/unlock/cliente.php
[Fri May 30 05:34:53 2014] [error] [client ::1] File does not exist: /Applications/MAMP/htdocs/unlock/img/frontimage/img_21.gif, referer: http://localhost:8888/unlock/cliente.php
[Fri May 30 05:35:14 2014] [error] [client ::1] File does not exist: /Applications/MAMP/htdocs/unlock/img/frontimage/img_21.gif, referer: http://localhost:8888/unlock/cliente.php
[Fri May 30 05:38:24 2014] [error] [client ::1] File does not exist: /Applications/MAMP/htdocs/unlock/img/frontimage/img_21.gif, referer: http://localhost:8888/unlock/cliente.php
[Fri May 30 05:39:06 2014] [error] [client ::1] File does not exist: /Applications/MAMP/htdocs/unlock/img/frontimage/img_21.gif, referer: http://localhost:8888/unlock/cliente.php
[Fri May 30 05:41:00 2014] [error] [client ::1] File does not exist: /Applications/MAMP/htdocs/unlock/img/frontimage/img_21.gif, referer: http://localhost:8888/unlock/cliente.php
[Fri May 30 05:42:58 2014] [error] [client ::1] File does not exist: /Applications/MAMP/htdocs/unlock/img/frontimage/img_21.gif, referer: http://localhost:8888/unlock/cliente.php
[Fri May 30 05:43:12 2014] [error] [client ::1] File does not exist: /Applications/MAMP/htdocs/unlock/img/frontimage/img_21.gif, referer: http://localhost:8888/unlock/cliente.php
[Fri May 30 05:43:18 2014] [error] [client ::1] File does not exist: /Applications/MAMP/htdocs/unlock/img/frontimage/img_21.gif, referer: http://localhost:8888/unlock/cliente.php
[Fri May 30 05:45:42 2014] [error] [client ::1] File does not exist: /Applications/MAMP/htdocs/unlock/img/frontimage/img_21.gif, referer: http://localhost:8888/unlock/cliente.php
[Fri May 30 05:56:43 2014] [error] [client ::1] File does not exist: /Applications/MAMP/htdocs/unlock/img/frontimage/img_21.gif, referer: http://localhost:8888/unlock/cliente.php
[Fri May 30 05:56:43 2014] [error] [client ::1] File does not exist: /Applications/MAMP/htdocs/unlock/img/frontimage/img_21.gif, referer: http://localhost:8888/unlock/cliente.php
[Fri May 30 05:59:19 2014] [error] [client ::1] File does not exist: /Applications/MAMP/htdocs/unlock/img/frontimage/img_21.png, referer: http://localhost:8888/unlock/cliente.php
[Fri May 30 06:20:16 2014] [error] [client ::1] File does not exist: /Applications/MAMP/htdocs/unlock/img/frontimage/redbull.gif, referer: http://localhost:8888/unlock/cliente.php
[Fri May 30 06:20:16 2014] [error] [client ::1] File does not exist: /Applications/MAMP/htdocs/unlock/img/frontimage/15-dollar-itunes-gift-card.jpg, referer: http://localhost:8888/unlock/cliente.php
[Fri May 30 06:20:23 2014] [error] [client ::1] File does not exist: /Applications/MAMP/htdocs/unlock/img/frontimage/img_21.png, referer: http://localhost:8888/unlock/cliente.php
[Fri May 30 06:20:23 2014] [error] [client ::1] File does not exist: /Applications/MAMP/htdocs/unlock/img/frontimage/redbull.gif, referer: http://localhost:8888/unlock/cliente.php
[Fri May 30 06:20:23 2014] [error] [client ::1] File does not exist: /Applications/MAMP/htdocs/unlock/img/frontimage/15-dollar-itunes-gift-card.jpg, referer: http://localhost:8888/unlock/cliente.php
[Fri May 30 06:20:23 2014] [error] [client ::1] File does not exist: /Applications/MAMP/htdocs/unlock/img/frontimage/12345.jpg, referer: http://localhost:8888/unlock/cliente.php
[Fri May 30 06:22:06 2014] [error] [client ::1] File does not exist: /Applications/MAMP/htdocs/unlock/img/frontimage/img_21.png, referer: http://localhost:8888/unlock/cliente.php
[Fri May 30 06:22:06 2014] [error] [client ::1] File does not exist: /Applications/MAMP/htdocs/unlock/img/frontimage/redbull.gif, referer: http://localhost:8888/unlock/cliente.php
[Fri May 30 06:22:06 2014] [error] [client ::1] File does not exist: /Applications/MAMP/htdocs/unlock/img/frontimage/15-dollar-itunes-gift-card.jpg, referer: http://localhost:8888/unlock/cliente.php
[Fri May 30 06:22:06 2014] [error] [client ::1] File does not exist: /Applications/MAMP/htdocs/unlock/img/frontimage/12345.jpg, referer: http://localhost:8888/unlock/cliente.php
[Fri May 30 06:22:06 2014] [error] [client ::1] File does not exist: /Applications/MAMP/htdocs/unlock/img/frontimage/001.jpg, referer: http://localhost:8888/unlock/cliente.php
[Fri May 30 06:23:23 2014] [error] [client ::1] File does not exist: /Applications/MAMP/htdocs/unlock/img/frontimage/img_21.png, referer: http://localhost:8888/unlock/cliente.php
[Fri May 30 06:23:23 2014] [error] [client ::1] File does not exist: /Applications/MAMP/htdocs/unlock/img/frontimage/redbull.gif, referer: http://localhost:8888/unlock/cliente.php
[Fri May 30 06:23:23 2014] [error] [client ::1] File does not exist: /Applications/MAMP/htdocs/unlock/img/frontimage/15-dollar-itunes-gift-card.jpg, referer: http://localhost:8888/unlock/cliente.php
[Fri May 30 06:23:23 2014] [error] [client ::1] File does not exist: /Applications/MAMP/htdocs/unlock/img/frontimage/12345.jpg, referer: http://localhost:8888/unlock/cliente.php
[Fri May 30 06:23:23 2014] [error] [client ::1] File does not exist: /Applications/MAMP/htdocs/unlock/img/frontimage/001.jpg, referer: http://localhost:8888/unlock/cliente.php
[Fri May 30 06:24:17 2014] [error] [client ::1] File does not exist: /Applications/MAMP/htdocs/unlock/img/frontimage/img_21.png, referer: http://localhost:8888/unlock/cliente.php
[Fri May 30 06:24:17 2014] [error] [client ::1] File does not exist: /Applications/MAMP/htdocs/unlock/img/frontimage/redbull.gif, referer: http://localhost:8888/unlock/cliente.php
[Fri May 30 06:24:17 2014] [error] [client ::1] File does not exist: /Applications/MAMP/htdocs/unlock/img/frontimage/15-dollar-itunes-gift-card.jpg, referer: http://localhost:8888/unlock/cliente.php
[Fri May 30 06:24:17 2014] [error] [client ::1] File does not exist: /Applications/MAMP/htdocs/unlock/img/frontimage/001.jpg, referer: http://localhost:8888/unlock/cliente.php
[Fri May 30 06:24:17 2014] [error] [client ::1] File does not exist: /Applications/MAMP/htdocs/unlock/img/frontimage/12345.jpg, referer: http://localhost:8888/unlock/cliente.php
[Fri May 30 06:41:12 2014] [error] [client ::1] File does not exist: /Applications/MAMP/htdocs/unlock/img/frontimage/img_21.png, referer: http://localhost:8888/unlock/cliente.php
[Fri May 30 06:41:12 2014] [error] [client ::1] File does not exist: /Applications/MAMP/htdocs/unlock/img/frontimage/redbull.gif, referer: http://localhost:8888/unlock/cliente.php
[Fri May 30 06:41:12 2014] [error] [client ::1] File does not exist: /Applications/MAMP/htdocs/unlock/img/frontimage/15-dollar-itunes-gift-card.jpg, referer: http://localhost:8888/unlock/cliente.php
[Fri May 30 06:41:12 2014] [error] [client ::1] File does not exist: /Applications/MAMP/htdocs/unlock/img/frontimage/12345.jpg, referer: http://localhost:8888/unlock/cliente.php
[Fri May 30 06:41:12 2014] [error] [client ::1] File does not exist: /Applications/MAMP/htdocs/unlock/img/frontimage/001.jpg, referer: http://localhost:8888/unlock/cliente.php
[Fri May 30 06:41:12 2014] [error] [client ::1] File does not exist: /Applications/MAMP/htdocs/unlock/img/frontimage/img_21.png, referer: http://localhost:8888/unlock/cliente.php
[Fri May 30 06:41:12 2014] [error] [client ::1] File does not exist: /Applications/MAMP/htdocs/unlock/img/frontimage/redbull.gif, referer: http://localhost:8888/unlock/cliente.php
[Fri May 30 06:41:12 2014] [error] [client ::1] File does not exist: /Applications/MAMP/htdocs/unlock/img/frontimage/15-dollar-itunes-gift-card.jpg, referer: http://localhost:8888/unlock/cliente.php
[Fri May 30 06:41:12 2014] [error] [client ::1] File does not exist: /Applications/MAMP/htdocs/unlock/img/frontimage/12345.jpg, referer: http://localhost:8888/unlock/cliente.php
[Fri May 30 06:41:12 2014] [error] [client ::1] File does not exist: /Applications/MAMP/htdocs/unlock/img/frontimage/001.jpg, referer: http://localhost:8888/unlock/cliente.php
[Fri May 30 06:41:35 2014] [error] [client ::1] File does not exist: /Applications/MAMP/htdocs/unlock/img/frontimage/img_21.png, referer: http://localhost:8888/unlock/cliente.php
[Fri May 30 06:41:35 2014] [error] [client ::1] File does not exist: /Applications/MAMP/htdocs/unlock/img/frontimage/redbull.gif, referer: http://localhost:8888/unlock/cliente.php
[Fri May 30 06:41:35 2014] [error] [client ::1] File does not exist: /Applications/MAMP/htdocs/unlock/img/frontimage/15-dollar-itunes-gift-card.jpg, referer: http://localhost:8888/unlock/cliente.php
[Fri May 30 06:41:35 2014] [error] [client ::1] File does not exist: /Applications/MAMP/htdocs/unlock/img/frontimage/12345.jpg, referer: http://localhost:8888/unlock/cliente.php
[Fri May 30 06:41:35 2014] [error] [client ::1] File does not exist: /Applications/MAMP/htdocs/unlock/img/frontimage/001.jpg, referer: http://localhost:8888/unlock/cliente.php
[Fri May 30 06:41:44 2014] [error] [client ::1] File does not exist: /Applications/MAMP/htdocs/unlock/img/frontimage/img_21.png, referer: http://localhost:8888/unlock/cliente.php
[Fri May 30 06:41:44 2014] [error] [client ::1] File does not exist: /Applications/MAMP/htdocs/unlock/img/frontimage/redbull.gif, referer: http://localhost:8888/unlock/cliente.php
[Fri May 30 06:41:44 2014] [error] [client ::1] File does not exist: /Applications/MAMP/htdocs/unlock/img/frontimage/15-dollar-itunes-gift-card.jpg, referer: http://localhost:8888/unlock/cliente.php
[Fri May 30 06:41:44 2014] [error] [client ::1] File does not exist: /Applications/MAMP/htdocs/unlock/img/frontimage/12345.jpg, referer: http://localhost:8888/unlock/cliente.php
[Fri May 30 06:41:44 2014] [error] [client ::1] File does not exist: /Applications/MAMP/htdocs/unlock/img/frontimage/001.jpg, referer: http://localhost:8888/unlock/cliente.php
[Fri May 30 06:43:00 2014] [error] [client ::1] File does not exist: /Applications/MAMP/htdocs/unlock/img/frontimage/img_21.png, referer: http://localhost:8888/unlock/cliente.php
[Fri May 30 06:43:00 2014] [error] [client ::1] File does not exist: /Applications/MAMP/htdocs/unlock/img/frontimage/15-dollar-itunes-gift-card.jpg, referer: http://localhost:8888/unlock/cliente.php
[Fri May 30 06:43:00 2014] [error] [client ::1] File does not exist: /Applications/MAMP/htdocs/unlock/img/frontimage/12345.jpg, referer: http://localhost:8888/unlock/cliente.php
[Fri May 30 06:43:00 2014] [error] [client ::1] File does not exist: /Applications/MAMP/htdocs/unlock/img/frontimage/redbull.gif, referer: http://localhost:8888/unlock/cliente.php
[Fri May 30 06:43:00 2014] [error] [client ::1] File does not exist: /Applications/MAMP/htdocs/unlock/img/frontimage/001.jpg, referer: http://localhost:8888/unlock/cliente.php
[Fri May 30 06:43:48 2014] [error] [client ::1] File does not exist: /Applications/MAMP/htdocs/unlock/img/frontimage/redbull.gif, referer: http://localhost:8888/unlock/cliente.php
[Fri May 30 06:43:48 2014] [error] [client ::1] File does not exist: /Applications/MAMP/htdocs/unlock/img/frontimage/img_21.png, referer: http://localhost:8888/unlock/cliente.php
[Fri May 30 06:43:48 2014] [error] [client ::1] File does not exist: /Applications/MAMP/htdocs/unlock/img/frontimage/15-dollar-itunes-gift-card.jpg, referer: http://localhost:8888/unlock/cliente.php
[Fri May 30 06:43:48 2014] [error] [client ::1] File does not exist: /Applications/MAMP/htdocs/unlock/img/frontimage/001.jpg, referer: http://localhost:8888/unlock/cliente.php
[Fri May 30 06:43:48 2014] [error] [client ::1] File does not exist: /Applications/MAMP/htdocs/unlock/img/frontimage/12345.jpg, referer: http://localhost:8888/unlock/cliente.php
[Fri May 30 06:44:27 2014] [error] [client ::1] File does not exist: /Applications/MAMP/htdocs/unlock/img/frontimage/redbull.gif, referer: http://localhost:8888/unlock/cliente.php
[Fri May 30 06:44:27 2014] [error] [client ::1] File does not exist: /Applications/MAMP/htdocs/unlock/img/frontimage/img_21.png, referer: http://localhost:8888/unlock/cliente.php
[Fri May 30 06:44:27 2014] [error] [client ::1] File does not exist: /Applications/MAMP/htdocs/unlock/img/frontimage/15-dollar-itunes-gift-card.jpg, referer: http://localhost:8888/unlock/cliente.php
[Fri May 30 06:44:27 2014] [error] [client ::1] File does not exist: /Applications/MAMP/htdocs/unlock/img/frontimage/001.jpg, referer: http://localhost:8888/unlock/cliente.php
[Fri May 30 06:44:27 2014] [error] [client ::1] File does not exist: /Applications/MAMP/htdocs/unlock/img/frontimage/12345.jpg, referer: http://localhost:8888/unlock/cliente.php
[Fri May 30 06:44:56 2014] [error] [client ::1] File does not exist: /Applications/MAMP/htdocs/unlock/img/frontimage/img_21.png, referer: http://localhost:8888/unlock/cliente.php
[Fri May 30 06:44:56 2014] [error] [client ::1] File does not exist: /Applications/MAMP/htdocs/unlock/img/frontimage/redbull.gif, referer: http://localhost:8888/unlock/cliente.php
[Fri May 30 06:44:56 2014] [error] [client ::1] File does not exist: /Applications/MAMP/htdocs/unlock/img/frontimage/15-dollar-itunes-gift-card.jpg, referer: http://localhost:8888/unlock/cliente.php
[Fri May 30 06:44:56 2014] [error] [client ::1] File does not exist: /Applications/MAMP/htdocs/unlock/img/frontimage/12345.jpg, referer: http://localhost:8888/unlock/cliente.php
[Fri May 30 06:44:56 2014] [error] [client ::1] File does not exist: /Applications/MAMP/htdocs/unlock/img/frontimage/001.jpg, referer: http://localhost:8888/unlock/cliente.php
[Fri May 30 06:47:00 2014] [error] [client ::1] File does not exist: /Applications/MAMP/htdocs/unlock/img/frontimage/img_21.png, referer: http://localhost:8888/unlock/cliente.php
[Fri May 30 06:47:00 2014] [error] [client ::1] File does not exist: /Applications/MAMP/htdocs/unlock/img/frontimage/redbull.gif, referer: http://localhost:8888/unlock/cliente.php
[Fri May 30 06:47:00 2014] [error] [client ::1] File does not exist: /Applications/MAMP/htdocs/unlock/img/frontimage/15-dollar-itunes-gift-card.jpg, referer: http://localhost:8888/unlock/cliente.php
[Fri May 30 06:47:00 2014] [error] [client ::1] File does not exist: /Applications/MAMP/htdocs/unlock/img/frontimage/12345.jpg, referer: http://localhost:8888/unlock/cliente.php
[Fri May 30 06:47:00 2014] [error] [client ::1] File does not exist: /Applications/MAMP/htdocs/unlock/img/frontimage/001.jpg, referer: http://localhost:8888/unlock/cliente.php
[Fri May 30 06:49:56 2014] [error] [client ::1] File does not exist: /Applications/MAMP/htdocs/unlock/img/frontimage/img_21.png, referer: http://localhost:8888/unlock/cliente.php
[Fri May 30 06:49:56 2014] [error] [client ::1] File does not exist: /Applications/MAMP/htdocs/unlock/img/frontimage/redbull.gif, referer: http://localhost:8888/unlock/cliente.php
[Fri May 30 06:49:56 2014] [error] [client ::1] File does not exist: /Applications/MAMP/htdocs/unlock/img/frontimage/15-dollar-itunes-gift-card.jpg, referer: http://localhost:8888/unlock/cliente.php
[Fri May 30 06:49:56 2014] [error] [client ::1] File does not exist: /Applications/MAMP/htdocs/unlock/img/frontimage/12345.jpg, referer: http://localhost:8888/unlock/cliente.php
[Fri May 30 06:49:56 2014] [error] [client ::1] File does not exist: /Applications/MAMP/htdocs/unlock/img/frontimage/001.jpg, referer: http://localhost:8888/unlock/cliente.php
[Fri May 30 06:50:23 2014] [error] [client ::1] File does not exist: /Applications/MAMP/htdocs/unlock/img/frontimage/img_21.png, referer: http://localhost:8888/unlock/cliente.php
[Fri May 30 06:50:23 2014] [error] [client ::1] File does not exist: /Applications/MAMP/htdocs/unlock/img/frontimage/redbull.gif, referer: http://localhost:8888/unlock/cliente.php
[Fri May 30 06:50:23 2014] [error] [client ::1] File does not exist: /Applications/MAMP/htdocs/unlock/img/frontimage/15-dollar-itunes-gift-card.jpg, referer: http://localhost:8888/unlock/cliente.php
[Fri May 30 06:50:23 2014] [error] [client ::1] File does not exist: /Applications/MAMP/htdocs/unlock/img/frontimage/12345.jpg, referer: http://localhost:8888/unlock/cliente.php
[Fri May 30 06:50:23 2014] [error] [client ::1] File does not exist: /Applications/MAMP/htdocs/unlock/img/frontimage/001.jpg, referer: http://localhost:8888/unlock/cliente.php
[Fri May 30 06:51:08 2014] [error] [client ::1] File does not exist: /Applications/MAMP/htdocs/unlock/img/frontimage/img_21.png, referer: http://localhost:8888/unlock/cliente.php
[Fri May 30 06:51:08 2014] [error] [client ::1] File does not exist: /Applications/MAMP/htdocs/unlock/img/frontimage/redbull.gif, referer: http://localhost:8888/unlock/cliente.php
[Fri May 30 06:51:08 2014] [error] [client ::1] File does not exist: /Applications/MAMP/htdocs/unlock/img/frontimage/15-dollar-itunes-gift-card.jpg, referer: http://localhost:8888/unlock/cliente.php
[Fri May 30 06:51:08 2014] [error] [client ::1] File does not exist: /Applications/MAMP/htdocs/unlock/img/frontimage/12345.jpg, referer: http://localhost:8888/unlock/cliente.php
[Fri May 30 06:51:08 2014] [error] [client ::1] File does not exist: /Applications/MAMP/htdocs/unlock/img/frontimage/001.jpg, referer: http://localhost:8888/unlock/cliente.php
[Fri May 30 06:55:39 2014] [error] [client ::1] File does not exist: /Applications/MAMP/htdocs/unlock/img/frontimage/img_21.png, referer: http://localhost:8888/unlock/cliente.php
[Fri May 30 06:55:39 2014] [error] [client ::1] File does not exist: /Applications/MAMP/htdocs/unlock/img/frontimage/redbull.gif, referer: http://localhost:8888/unlock/cliente.php
[Fri May 30 06:55:39 2014] [error] [client ::1] File does not exist: /Applications/MAMP/htdocs/unlock/img/frontimage/15-dollar-itunes-gift-card.jpg, referer: http://localhost:8888/unlock/cliente.php
[Fri May 30 06:55:39 2014] [error] [client ::1] File does not exist: /Applications/MAMP/htdocs/unlock/img/frontimage/12345.jpg, referer: http://localhost:8888/unlock/cliente.php
[Fri May 30 06:55:39 2014] [error] [client ::1] File does not exist: /Applications/MAMP/htdocs/unlock/img/frontimage/001.jpg, referer: http://localhost:8888/unlock/cliente.php
[Fri May 30 06:57:31 2014] [error] [client ::1] File does not exist: /Applications/MAMP/htdocs/unlock/img/frontimage/img_21.png, referer: http://localhost:8888/unlock/cliente.php
[Fri May 30 06:57:31 2014] [error] [client ::1] File does not exist: /Applications/MAMP/htdocs/unlock/img/frontimage/redbull.gif, referer: http://localhost:8888/unlock/cliente.php
[Fri May 30 06:57:31 2014] [error] [client ::1] File does not exist: /Applications/MAMP/htdocs/unlock/img/frontimage/15-dollar-itunes-gift-card.jpg, referer: http://localhost:8888/unlock/cliente.php
[Fri May 30 06:57:31 2014] [error] [client ::1] File does not exist: /Applications/MAMP/htdocs/unlock/img/frontimage/12345.jpg, referer: http://localhost:8888/unlock/cliente.php
[Fri May 30 06:57:31 2014] [error] [client ::1] File does not exist: /Applications/MAMP/htdocs/unlock/img/frontimage/001.jpg, referer: http://localhost:8888/unlock/cliente.php
[Fri May 30 06:57:40 2014] [error] [client ::1] File does not exist: /Applications/MAMP/htdocs/unlock/img/frontimage/img_21.png, referer: http://localhost:8888/unlock/cliente.php
[Fri May 30 06:57:40 2014] [error] [client ::1] File does not exist: /Applications/MAMP/htdocs/unlock/img/frontimage/redbull.gif, referer: http://localhost:8888/unlock/cliente.php
[Fri May 30 06:57:40 2014] [error] [client ::1] File does not exist: /Applications/MAMP/htdocs/unlock/img/frontimage/12345.jpg, referer: http://localhost:8888/unlock/cliente.php
[Fri May 30 06:57:40 2014] [error] [client ::1] File does not exist: /Applications/MAMP/htdocs/unlock/img/frontimage/15-dollar-itunes-gift-card.jpg, referer: http://localhost:8888/unlock/cliente.php
[Fri May 30 06:57:40 2014] [error] [client ::1] File does not exist: /Applications/MAMP/htdocs/unlock/img/frontimage/001.jpg, referer: http://localhost:8888/unlock/cliente.php
[Fri May 30 06:57:54 2014] [error] [client ::1] File does not exist: /Applications/MAMP/htdocs/unlock/img/frontimage/redbull.gif, referer: http://localhost:8888/unlock/cliente.php
[Fri May 30 06:57:54 2014] [error] [client ::1] File does not exist: /Applications/MAMP/htdocs/unlock/img/frontimage/15-dollar-itunes-gift-card.jpg, referer: http://localhost:8888/unlock/cliente.php
[Fri May 30 06:57:54 2014] [error] [client ::1] File does not exist: /Applications/MAMP/htdocs/unlock/img/frontimage/12345.jpg, referer: http://localhost:8888/unlock/cliente.php
[Fri May 30 06:57:54 2014] [error] [client ::1] File does not exist: /Applications/MAMP/htdocs/unlock/img/frontimage/001.jpg, referer: http://localhost:8888/unlock/cliente.php
[Fri May 30 06:57:59 2014] [error] [client ::1] File does not exist: /Applications/MAMP/htdocs/unlock/img/frontimage/redbull.gif, referer: http://localhost:8888/unlock/cliente.php
[Fri May 30 06:57:59 2014] [error] [client ::1] File does not exist: /Applications/MAMP/htdocs/unlock/img/frontimage/15-dollar-itunes-gift-card.jpg, referer: http://localhost:8888/unlock/cliente.php
[Fri May 30 06:57:59 2014] [error] [client ::1] File does not exist: /Applications/MAMP/htdocs/unlock/img/frontimage/12345.jpg, referer: http://localhost:8888/unlock/cliente.php
[Fri May 30 06:57:59 2014] [error] [client ::1] File does not exist: /Applications/MAMP/htdocs/unlock/img/frontimage/001.jpg, referer: http://localhost:8888/unlock/cliente.php
[Fri May 30 06:58:04 2014] [error] [client ::1] File does not exist: /Applications/MAMP/htdocs/unlock/img/frontimage/15-dollar-itunes-gift-card.jpg, referer: http://localhost:8888/unlock/cliente.php
[Fri May 30 06:58:04 2014] [error] [client ::1] File does not exist: /Applications/MAMP/htdocs/unlock/img/frontimage/12345.jpg, referer: http://localhost:8888/unlock/cliente.php
[Fri May 30 06:58:04 2014] [error] [client ::1] File does not exist: /Applications/MAMP/htdocs/unlock/img/frontimage/001.jpg, referer: http://localhost:8888/unlock/cliente.php
[Fri May 30 06:58:08 2014] [error] [client ::1] File does not exist: /Applications/MAMP/htdocs/unlock/img/frontimage/12345.jpg, referer: http://localhost:8888/unlock/cliente.php
[Fri May 30 06:58:08 2014] [error] [client ::1] File does not exist: /Applications/MAMP/htdocs/unlock/img/frontimage/001.jpg, referer: http://localhost:8888/unlock/cliente.php
[Fri May 30 06:58:08 2014] [error] [client ::1] File does not exist: /Applications/MAMP/htdocs/unlock/img/frontimage/15-dollar-itunes-gift-card.jpg, referer: http://localhost:8888/unlock/cliente.php
[Fri May 30 06:58:13 2014] [error] [client ::1] File does not exist: /Applications/MAMP/htdocs/unlock/img/frontimage/001.jpg, referer: http://localhost:8888/unlock/cliente.php
[Fri May 30 06:58:13 2014] [error] [client ::1] File does not exist: /Applications/MAMP/htdocs/unlock/img/frontimage/15-dollar-itunes-gift-card.jpg, referer: http://localhost:8888/unlock/cliente.php
[Fri May 30 06:58:21 2014] [error] [client ::1] File does not exist: /Applications/MAMP/htdocs/unlock/img/frontimage/15-dollar-itunes-gift-card.jpg, referer: http://localhost:8888/unlock/cliente.php
[Fri May 30 06:58:21 2014] [error] [client ::1] File does not exist: /Applications/MAMP/htdocs/unlock/img/frontimage/001.jpg, referer: http://localhost:8888/unlock/cliente.php
[Fri May 30 06:58:25 2014] [error] [client ::1] File does not exist: /Applications/MAMP/htdocs/unlock/img/frontimage/001.jpg, referer: http://localhost:8888/unlock/cliente.php
[Fri May 30 09:13:50 2014] [error] [client ::1] File does not exist: /Applications/MAMP/htdocs/unlock/img/frontimage/img_31.gif, referer: http://localhost:8888/unlock/cliente.php
[Fri May 30 09:13:50 2014] [error] [client ::1] File does not exist: /Applications/MAMP/htdocs/unlock/img/frontimage/img_31.gif, referer: http://localhost:8888/unlock/cliente.php
[Fri May 30 09:13:55 2014] [error] [client ::1] File does not exist: /Applications/MAMP/htdocs/unlock/img/frontimage/img_31.gif, referer: http://localhost:8888/unlock/cliente.php
[Fri May 30 09:14:22 2014] [error] [client ::1] File does not exist: /Applications/MAMP/htdocs/unlock/img/frontimage/img_31.gif, referer: http://localhost:8888/unlock/cliente.php
[Fri May 30 15:58:18 2014] [error] [client ::1] File does not exist: /Applications/MAMP/htdocs/unlock/img/frontimgae, referer: http://localhost:8888/unlock/cliente.php
[Fri May 30 15:58:18 2014] [error] [client ::1] File does not exist: /Applications/MAMP/htdocs/unlock/img/frontimgae, referer: http://localhost:8888/unlock/cliente.php
[Fri May 30 15:59:28 2014] [error] [client ::1] File does not exist: /Applications/MAMP/htdocs/unlock/img/frontimgae, referer: http://localhost:8888/unlock/cliente.php
[Fri May 30 16:23:56 2014] [error] [client ::1] File does not exist: /Applications/MAMP/htdocs/unlock/js/require-field.js, referer: http://localhost:8888/unlock/cliente.php
[Fri May 30 16:28:30 2014] [error] [client ::1] File does not exist: /Applications/MAMP/htdocs/unlock/js/require-field.js, referer: http://localhost:8888/unlock/cliente.php
[Fri May 30 16:28:38 2014] [error] [client ::1] File does not exist: /Applications/MAMP/htdocs/unlock/js/require-field.js, referer: http://localhost:8888/unlock/cliente.php
[Fri May 30 16:28:47 2014] [error] [client ::1] File does not exist: /Applications/MAMP/htdocs/unlock/js/require-field.js, referer: http://localhost:8888/unlock/cliente.php
[Fri May 30 16:29:29 2014] [error] [client ::1] File does not exist: /Applications/MAMP/htdocs/unlock/js/require-field.js, referer: http://localhost:8888/unlock/cliente.php
[Fri May 30 16:29:34 2014] [error] [client ::1] File does not exist: /Applications/MAMP/htdocs/unlock/js/require-field.js, referer: http://localhost:8888/unlock/cliente.php
[Fri May 30 16:30:51 2014] [error] [client ::1] File does not exist: /Applications/MAMP/htdocs/unlock/js/require-field.js, referer: http://localhost:8888/unlock/cliente.php
[Fri May 30 16:31:24 2014] [error] [client ::1] File does not exist: /Applications/MAMP/htdocs/unlock/js/require-field.js, referer: http://localhost:8888/unlock/cliente.php
[Fri May 30 16:32:38 2014] [error] [client ::1] File does not exist: /Applications/MAMP/htdocs/unlock/js/require-field.js, referer: http://localhost:8888/unlock/cliente.php
[Fri May 30 16:33:03 2014] [error] [client ::1] File does not exist: /Applications/MAMP/htdocs/unlock/js/require-field.js, referer: http://localhost:8888/unlock/cliente.php
[Fri May 30 16:35:39 2014] [error] [client ::1] File does not exist: /Applications/MAMP/htdocs/unlock/js/require-field.js, referer: http://localhost:8888/unlock/cliente.php
[Fri May 30 16:36:10 2014] [error] [client ::1] File does not exist: /Applications/MAMP/htdocs/unlock/js/require-field.js, referer: http://localhost:8888/unlock/cliente.php
[Fri May 30 16:38:33 2014] [error] [client ::1] File does not exist: /Applications/MAMP/htdocs/unlock/js/require-field.js, referer: http://localhost:8888/unlock/cliente.php
[Fri May 30 16:40:55 2014] [error] [client ::1] File does not exist: /Applications/MAMP/htdocs/unlock/js/require-field.js, referer: http://localhost:8888/unlock/cliente.php
[Fri May 30 16:42:56 2014] [error] [client ::1] File does not exist: /Applications/MAMP/htdocs/unlock/js/require-field.js, referer: http://localhost:8888/unlock/cliente.php
[Fri May 30 16:43:14 2014] [error] [client ::1] File does not exist: /Applications/MAMP/htdocs/unlock/js/require-field.js, referer: http://localhost:8888/unlock/cliente.php
[Fri May 30 16:43:30 2014] [error] [client ::1] File does not exist: /Applications/MAMP/htdocs/unlock/js/require-field.js, referer: http://localhost:8888/unlock/cliente.php
[Fri May 30 16:44:01 2014] [error] [client ::1] File does not exist: /Applications/MAMP/htdocs/unlock/js/require-field.js, referer: http://localhost:8888/unlock/cliente.php
[Fri May 30 16:44:57 2014] [error] [client ::1] File does not exist: /Applications/MAMP/htdocs/unlock/js/require-field.js, referer: http://localhost:8888/unlock/cliente.php
[Fri May 30 16:46:39 2014] [error] [client ::1] File does not exist: /Applications/MAMP/htdocs/unlock/js/require-field.js, referer: http://localhost:8888/unlock/cliente.php
[Fri May 30 16:47:32 2014] [error] [client ::1] File does not exist: /Applications/MAMP/htdocs/unlock/js/require-field.js, referer: http://localhost:8888/unlock/cliente.php
[Fri May 30 16:49:05 2014] [error] [client ::1] File does not exist: /Applications/MAMP/htdocs/unlock/js/require-field.js, referer: http://localhost:8888/unlock/cliente.php
[Fri May 30 16:57:23 2014] [error] [client ::1] File does not exist: /Applications/MAMP/htdocs/unlock/js/propover-file.js, referer: http://localhost:8888/unlock/cliente.php
[Fri May 30 16:57:23 2014] [error] [client ::1] File does not exist: /Applications/MAMP/htdocs/unlock/js/require-field.js, referer: http://localhost:8888/unlock/cliente.php
[Fri May 30 16:57:44 2014] [error] [client ::1] File does not exist: /Applications/MAMP/htdocs/unlock/js/propover-file.js, referer: http://localhost:8888/unlock/cliente.php
[Fri May 30 16:57:44 2014] [error] [client ::1] File does not exist: /Applications/MAMP/htdocs/unlock/js/require-field.js, referer: http://localhost:8888/unlock/cliente.php
[Fri May 30 16:57:56 2014] [error] [client ::1] File does not exist: /Applications/MAMP/htdocs/unlock/js/require-field.js, referer: http://localhost:8888/unlock/cliente.php
[Fri May 30 16:57:56 2014] [error] [client ::1] File does not exist: /Applications/MAMP/htdocs/unlock/js/propover-file.js, referer: http://localhost:8888/unlock/cliente.php
[Fri May 30 16:58:33 2014] [error] [client ::1] File does not exist: /Applications/MAMP/htdocs/unlock/js/propover-file.js, referer: http://localhost:8888/unlock/cliente.php
[Fri May 30 16:58:33 2014] [error] [client ::1] File does not exist: /Applications/MAMP/htdocs/unlock/js/require-field.js, referer: http://localhost:8888/unlock/cliente.php
[Fri May 30 16:58:52 2014] [error] [client ::1] File does not exist: /Applications/MAMP/htdocs/unlock/js/require-field.js, referer: http://localhost:8888/unlock/cliente.php
[Fri May 30 16:58:52 2014] [error] [client ::1] File does not exist: /Applications/MAMP/htdocs/unlock/js/propover-file.js, referer: http://localhost:8888/unlock/cliente.php
[Fri May 30 17:00:26 2014] [error] [client ::1] File does not exist: /Applications/MAMP/htdocs/unlock/js/require-field.js, referer: http://localhost:8888/unlock/cliente.php
[Fri May 30 17:00:26 2014] [error] [client ::1] File does not exist: /Applications/MAMP/htdocs/unlock/js/propover-file.js, referer: http://localhost:8888/unlock/cliente.php
[Fri May 30 17:01:20 2014] [error] [client ::1] File does not exist: /Applications/MAMP/htdocs/unlock/js/require-field.js, referer: http://localhost:8888/unlock/cliente.php
[Fri May 30 17:01:20 2014] [error] [client ::1] File does not exist: /Applications/MAMP/htdocs/unlock/js/propover-file.js, referer: http://localhost:8888/unlock/cliente.php
[Fri May 30 17:01:42 2014] [error] [client ::1] File does not exist: /Applications/MAMP/htdocs/unlock/js/propover-file.js, referer: http://localhost:8888/unlock/cliente.php
[Fri May 30 17:01:42 2014] [error] [client ::1] File does not exist: /Applications/MAMP/htdocs/unlock/js/require-field.js, referer: http://localhost:8888/unlock/cliente.php
[Fri May 30 17:02:34 2014] [error] [client ::1] File does not exist: /Applications/MAMP/htdocs/unlock/js/require-field.js, referer: http://localhost:8888/unlock/cliente.php
[Fri May 30 17:02:34 2014] [error] [client ::1] File does not exist: /Applications/MAMP/htdocs/unlock/js/propover-file.js, referer: http://localhost:8888/unlock/cliente.php
[Fri May 30 17:06:19 2014] [error] [client ::1] File does not exist: /Applications/MAMP/htdocs/unlock/js/require-field.js, referer: http://localhost:8888/unlock/cliente.php
[Fri May 30 17:09:08 2014] [error] [client ::1] File does not exist: /Applications/MAMP/htdocs/unlock/js/require-field.js, referer: http://localhost:8888/unlock/cliente.php
[Fri May 30 17:09:43 2014] [error] [client ::1] File does not exist: /Applications/MAMP/htdocs/unlock/js/require-field.js, referer: http://localhost:8888/unlock/cliente.php
[Fri May 30 17:10:17 2014] [error] [client ::1] File does not exist: /Applications/MAMP/htdocs/unlock/js/require-field.js, referer: http://localhost:8888/unlock/cliente.php
[Fri May 30 17:10:56 2014] [error] [client ::1] File does not exist: /Applications/MAMP/htdocs/unlock/js/require-field.js, referer: http://localhost:8888/unlock/cliente.php
[Fri May 30 17:12:08 2014] [error] [client ::1] File does not exist: /Applications/MAMP/htdocs/unlock/js/require-field.js, referer: http://localhost:8888/unlock/cliente.php
[Fri May 30 17:14:10 2014] [error] [client ::1] File does not exist: /Applications/MAMP/htdocs/unlock/js/require-field.js, referer: http://localhost:8888/unlock/cliente.php
[Fri May 30 17:15:01 2014] [error] [client ::1] File does not exist: /Applications/MAMP/htdocs/unlock/js/require-field.js, referer: http://localhost:8888/unlock/cliente.php
[Fri May 30 17:16:22 2014] [error] [client ::1] File does not exist: /Applications/MAMP/htdocs/unlock/js/require-field.js, referer: http://localhost:8888/unlock/cliente.php
[Fri May 30 17:16:56 2014] [error] [client ::1] File does not exist: /Applications/MAMP/htdocs/unlock/js/require-field.js, referer: http://localhost:8888/unlock/cliente.php
[Fri May 30 17:17:55 2014] [error] [client ::1] File does not exist: /Applications/MAMP/htdocs/unlock/js/require-field.js, referer: http://localhost:8888/unlock/cliente.php
[Fri May 30 17:18:32 2014] [error] [client ::1] File does not exist: /Applications/MAMP/htdocs/unlock/js/require-field.js, referer: http://localhost:8888/unlock/cliente.php
[Fri May 30 17:20:19 2014] [error] [client ::1] File does not exist: /Applications/MAMP/htdocs/unlock/js/require-field.js, referer: http://localhost:8888/unlock/cliente.php
[Fri May 30 17:21:44 2014] [error] [client ::1] File does not exist: /Applications/MAMP/htdocs/unlock/js/require-field.js, referer: http://localhost:8888/unlock/cliente.php
[Fri May 30 17:29:42 2014] [error] [client ::1] File does not exist: /Applications/MAMP/htdocs/unlock/js/require-field.js, referer: http://localhost:8888/unlock/cliente.php
[Fri May 30 18:16:11 2014] [error] [client ::1] File does not exist: /Applications/MAMP/htdocs/unlock/js/require-field.js, referer: http://localhost:8888/unlock/cliente.php
[Fri May 30 18:16:11 2014] [error] [client ::1] File does not exist: /Applications/MAMP/htdocs/unlock/img/frontimage/img_37.png, referer: http://localhost:8888/unlock/cliente.php
[Fri May 30 18:16:18 2014] [error] [client ::1] File does not exist: /Applications/MAMP/htdocs/unlock/js/require-field.js, referer: http://localhost:8888/unlock/cliente.php
[Fri May 30 18:16:18 2014] [error] [client ::1] File does not exist: /Applications/MAMP/htdocs/unlock/img/frontimage/img_37.png, referer: http://localhost:8888/unlock/cliente.php
[Fri May 30 18:19:30 2014] [error] [client ::1] File does not exist: /Applications/MAMP/htdocs/unlock/js/require-field.js, referer: http://localhost:8888/unlock/cliente.php
[Fri May 30 18:19:30 2014] [error] [client ::1] File does not exist: /Applications/MAMP/htdocs/unlock/img/frontimage/img_37.png, referer: http://localhost:8888/unlock/cliente.php
[Fri May 30 18:29:23 2014] [error] [client ::1] File does not exist: /Applications/MAMP/htdocs/unlock/js/require-field.js, referer: http://localhost:8888/unlock/cliente.php
[Fri May 30 18:29:23 2014] [error] [client ::1] File does not exist: /Applications/MAMP/htdocs/unlock/img/frontimage/img_37.png, referer: http://localhost:8888/unlock/cliente.php
[Fri May 30 18:30:52 2014] [error] [client ::1] File does not exist: /Applications/MAMP/htdocs/unlock/js/require-field.js, referer: http://localhost:8888/unlock/cliente.php
[Fri May 30 18:30:52 2014] [error] [client ::1] File does not exist: /Applications/MAMP/htdocs/unlock/img/frontimage/img_37.png, referer: http://localhost:8888/unlock/cliente.php
[Fri May 30 18:33:39 2014] [error] [client ::1] File does not exist: /Applications/MAMP/htdocs/unlock/js/require-field.js, referer: http://localhost:8888/unlock/cliente.php
[Fri May 30 18:33:39 2014] [error] [client ::1] File does not exist: /Applications/MAMP/htdocs/unlock/img/frontimage/img_37.png, referer: http://localhost:8888/unlock/cliente.php
[Fri May 30 18:34:26 2014] [error] [client ::1] File does not exist: /Applications/MAMP/htdocs/unlock/js/require-field.js, referer: http://localhost:8888/unlock/cliente.php
[Fri May 30 18:34:26 2014] [error] [client ::1] File does not exist: /Applications/MAMP/htdocs/unlock/img/frontimage/img_37.png, referer: http://localhost:8888/unlock/cliente.php
[Fri May 30 18:34:26 2014] [error] [client ::1] File does not exist: /Applications/MAMP/htdocs/unlock/img/frontimage/img_37.png, referer: http://localhost:8888/unlock/cliente.php
[Fri May 30 18:34:29 2014] [error] [client ::1] File does not exist: /Applications/MAMP/htdocs/unlock/js/require-field.js, referer: http://localhost:8888/unlock/cliente.php
[Fri May 30 18:34:29 2014] [error] [client ::1] File does not exist: /Applications/MAMP/htdocs/unlock/img/frontimage/img_37.png, referer: http://localhost:8888/unlock/cliente.php
[Fri May 30 18:36:07 2014] [error] [client ::1] File does not exist: /Applications/MAMP/htdocs/unlock/js/require-field.js, referer: http://localhost:8888/unlock/cliente.php
[Fri May 30 18:36:07 2014] [error] [client ::1] File does not exist: /Applications/MAMP/htdocs/unlock/img/frontimage/img_37.png, referer: http://localhost:8888/unlock/cliente.php
[Fri May 30 18:36:10 2014] [error] [client ::1] File does not exist: /Applications/MAMP/htdocs/unlock/js/require-field.js, referer: http://localhost:8888/unlock/cliente.php
[Fri May 30 18:36:10 2014] [error] [client ::1] File does not exist: /Applications/MAMP/htdocs/unlock/img/frontimage/img_37.png, referer: http://localhost:8888/unlock/cliente.php
[Fri May 30 18:37:00 2014] [error] [client ::1] File does not exist: /Applications/MAMP/htdocs/unlock/js/require-field.js, referer: http://localhost:8888/unlock/cliente.php
[Fri May 30 18:37:01 2014] [error] [client ::1] File does not exist: /Applications/MAMP/htdocs/unlock/img/frontimage/img_37.png, referer: http://localhost:8888/unlock/cliente.php
[Fri May 30 18:38:22 2014] [error] [client ::1] File does not exist: /Applications/MAMP/htdocs/unlock/js/require-field.js, referer: http://localhost:8888/unlock/cliente.php
[Fri May 30 18:40:33 2014] [error] [client ::1] File does not exist: /Applications/MAMP/htdocs/unlock/js/require-field.js, referer: http://localhost:8888/unlock/cliente.php
[Fri May 30 18:41:05 2014] [error] [client ::1] File does not exist: /Applications/MAMP/htdocs/unlock/js/require-field.js, referer: http://localhost:8888/unlock/cliente.php
[Fri May 30 18:42:17 2014] [error] [client ::1] File does not exist: /Applications/MAMP/htdocs/unlock/js/require-field.js, referer: http://localhost:8888/unlock/cliente.php
[Fri May 30 18:50:12 2014] [error] [client ::1] File does not exist: /Applications/MAMP/htdocs/unlock/js/require-field.js, referer: http://localhost:8888/unlock/cliente.php
[Fri May 30 18:50:12 2014] [error] [client ::1] File does not exist: /Applications/MAMP/htdocs/unlock/img/frontimage/img_41.gif, referer: http://localhost:8888/unlock/cliente.php
[Fri May 30 18:50:12 2014] [error] [client ::1] File does not exist: /Applications/MAMP/htdocs/unlock/img/frontimage/img_41.gif, referer: http://localhost:8888/unlock/cliente.php
[Fri May 30 18:50:21 2014] [error] [client ::1] File does not exist: /Applications/MAMP/htdocs/unlock/img/frontimage/img_41.gif
[Fri May 30 19:05:55 2014] [error] [client ::1] File does not exist: /Applications/MAMP/htdocs/unlock/js/require-field.js, referer: http://localhost:8888/unlock/cliente.php
[Fri May 30 19:05:55 2014] [error] [client ::1] File does not exist: /Applications/MAMP/htdocs/unlock/img/frontimage/img_45.gif, referer: http://localhost:8888/unlock/cliente.php
[Fri May 30 19:05:55 2014] [error] [client ::1] File does not exist: /Applications/MAMP/htdocs/unlock/img/frontimage/img_46.jpeg, referer: http://localhost:8888/unlock/cliente.php
[Fri May 30 19:05:55 2014] [error] [client ::1] File does not exist: /Applications/MAMP/htdocs/unlock/img/frontimage/img_45.gif, referer: http://localhost:8888/unlock/cliente.php
[Fri May 30 19:05:55 2014] [error] [client ::1] File does not exist: /Applications/MAMP/htdocs/unlock/img/frontimage/img_46.jpeg, referer: http://localhost:8888/unlock/cliente.php
[Fri May 30 19:12:24 2014] [error] [client ::1] File does not exist: /Applications/MAMP/htdocs/unlock/js/require-field.js, referer: http://localhost:8888/unlock/cliente.php
[Fri May 30 19:12:24 2014] [error] [client ::1] File does not exist: /Applications/MAMP/htdocs/unlock/img/frontimage/img_45.gif, referer: http://localhost:8888/unlock/cliente.php
[Fri May 30 19:12:24 2014] [error] [client ::1] File does not exist: /Applications/MAMP/htdocs/unlock/img/frontimage/img_46.jpeg, referer: http://localhost:8888/unlock/cliente.php
[Fri May 30 19:13:15 2014] [error] [client ::1] File does not exist: /Applications/MAMP/htdocs/unlock/js/require-field.js, referer: http://localhost:8888/unlock/cliente.php
[Fri May 30 19:13:15 2014] [error] [client ::1] File does not exist: /Applications/MAMP/htdocs/unlock/img/frontimage/img_45.gif, referer: http://localhost:8888/unlock/cliente.php
[Fri May 30 19:13:15 2014] [error] [client ::1] File does not exist: /Applications/MAMP/htdocs/unlock/img/frontimage/img_46.jpeg, referer: http://localhost:8888/unlock/cliente.php
[Fri May 30 19:13:20 2014] [error] [client ::1] File does not exist: /Applications/MAMP/htdocs/unlock/js/require-field.js, referer: http://localhost:8888/unlock/cliente.php
[Fri May 30 19:13:20 2014] [error] [client ::1] File does not exist: /Applications/MAMP/htdocs/unlock/img/frontimage/img_45.gif, referer: http://localhost:8888/unlock/cliente.php
[Sun Jun 01 12:29:48 2014] [notice] caught SIGTERM, shutting down
[Fri Jun 27 18:21:04 2014] [notice] FastCGI: process manager initialized (pid 1200)
[Fri Jun 27 18:21:04 2014] [notice] Digest: generating secret for digest authentication ...
[Fri Jun 27 18:21:04 2014] [notice] Digest: done
[Fri Jun 27 18:21:04 2014] [notice] Apache/2.2.26 (Unix) mod_fastcgi/2.4.6 mod_wsgi/3.4 Python/2.7.6 PHP/5.5.10 mod_ssl/2.2.26 OpenSSL/0.9.8y DAV/2 mod_perl/2.0.8 Perl/v5.18.2 configured -- resuming normal operations
[Fri Jun 27 18:27:34 2014] [error] [client ::1] File does not exist: /Applications/MAMP/htdocs/graficos, referer: http://localhost:8888/condupdater/html/
[Fri Jun 27 18:27:34 2014] [error] [client ::1] File does not exist: /Applications/MAMP/htdocs/graficos, referer: http://localhost:8888/condupdater/html/
[Fri Jun 27 18:27:34 2014] [error] [client ::1] File does not exist: /Applications/MAMP/htdocs/graficos, referer: http://localhost:8888/condupdater/html/
[Fri Jun 27 18:27:34 2014] [error] [client ::1] File does not exist: /Applications/MAMP/htdocs/graficos, referer: http://localhost:8888/condupdater/html/
[Fri Jun 27 18:27:34 2014] [error] [client ::1] File does not exist: /Applications/MAMP/htdocs/graficos, referer: http://localhost:8888/condupdater/html/
[Fri Jun 27 18:27:34 2014] [error] [client ::1] File does not exist: /Applications/MAMP/htdocs/graficos, referer: http://localhost:8888/condupdater/html/
[Fri Jun 27 18:27:34 2014] [error] [client ::1] File does not exist: /Applications/MAMP/htdocs/graficos, referer: http://localhost:8888/condupdater/html/
[Fri Jun 27 18:27:34 2014] [error] [client ::1] File does not exist: /Applications/MAMP/htdocs/graficos, referer: http://localhost:8888/condupdater/html/
[Fri Jun 27 18:31:00 2014] [error] [client ::1] File does not exist: /Applications/MAMP/htdocs/graficos, referer: http://localhost:8888/condupdater/html/index.html
[Fri Jun 27 18:31:00 2014] [error] [client ::1] File does not exist: /Applications/MAMP/htdocs/graficos, referer: http://localhost:8888/condupdater/html/index.html
[Fri Jun 27 18:31:00 2014] [error] [client ::1] File does not exist: /Applications/MAMP/htdocs/graficos, referer: http://localhost:8888/condupdater/html/index.html
[Fri Jun 27 18:31:00 2014] [error] [client ::1] File does not exist: /Applications/MAMP/htdocs/graficos, referer: http://localhost:8888/condupdater/html/index.html
[Fri Jun 27 18:31:00 2014] [error] [client ::1] File does not exist: /Applications/MAMP/htdocs/graficos, referer: http://localhost:8888/condupdater/html/index.html
[Fri Jun 27 18:31:00 2014] [error] [client ::1] File does not exist: /Applications/MAMP/htdocs/graficos, referer: http://localhost:8888/condupdater/html/index.html
[Fri Jun 27 18:31:00 2014] [error] [client ::1] File does not exist: /Applications/MAMP/htdocs/graficos, referer: http://localhost:8888/condupdater/html/index.html
[Fri Jun 27 18:31:00 2014] [error] [client ::1] File does not exist: /Applications/MAMP/htdocs/graficos, referer: http://localhost:8888/condupdater/html/index.html
[Fri Jun 27 19:14:41 2014] [error] [client ::1] File does not exist: /Applications/MAMP/htdocs/graficos, referer: http://localhost:8888/condupdater/html/index.html
[Fri Jun 27 19:14:41 2014] [error] [client ::1] File does not exist: /Applications/MAMP/htdocs/graficos, referer: http://localhost:8888/condupdater/html/index.html
[Fri Jun 27 19:14:41 2014] [error] [client ::1] File does not exist: /Applications/MAMP/htdocs/graficos, referer: http://localhost:8888/condupdater/html/index.html
[Fri Jun 27 19:14:41 2014] [error] [client ::1] File does not exist: /Applications/MAMP/htdocs/graficos, referer: http://localhost:8888/condupdater/html/index.html
[Fri Jun 27 19:14:42 2014] [error] [client ::1] File does not exist: /Applications/MAMP/htdocs/graficos, referer: http://localhost:8888/condupdater/html/index.html
[Fri Jun 27 19:14:42 2014] [error] [client ::1] File does not exist: /Applications/MAMP/htdocs/graficos, referer: http://localhost:8888/condupdater/html/index.html
[Fri Jun 27 19:14:42 2014] [error] [client ::1] File does not exist: /Applications/MAMP/htdocs/graficos, referer: http://localhost:8888/condupdater/html/index.html
[Fri Jun 27 19:14:42 2014] [error] [client ::1] File does not exist: /Applications/MAMP/htdocs/graficos, referer: http://localhost:8888/condupdater/html/index.html
[Fri Jun 27 19:18:45 2014] [error] [client ::1] File does not exist: /Applications/MAMP/htdocs/condupdater/html/socket.io, referer: http://localhost:8888/condupdater/html/edit.html
[Fri Jun 27 19:18:49 2014] [error] [client ::1] File does not exist: /Applications/MAMP/htdocs/graficos, referer: http://localhost:8888/condupdater/html/index.html
[Fri Jun 27 19:18:49 2014] [error] [client ::1] File does not exist: /Applications/MAMP/htdocs/graficos, referer: http://localhost:8888/condupdater/html/index.html
[Fri Jun 27 19:18:49 2014] [error] [client ::1] File does not exist: /Applications/MAMP/htdocs/graficos, referer: http://localhost:8888/condupdater/html/index.html
[Fri Jun 27 19:18:49 2014] [error] [client ::1] File does not exist: /Applications/MAMP/htdocs/graficos, referer: http://localhost:8888/condupdater/html/index.html
[Fri Jun 27 19:18:49 2014] [error] [client ::1] File does not exist: /Applications/MAMP/htdocs/graficos, referer: http://localhost:8888/condupdater/html/index.html
[Fri Jun 27 19:18:49 2014] [error] [client ::1] File does not exist: /Applications/MAMP/htdocs/graficos, referer: http://localhost:8888/condupdater/html/index.html
[Fri Jun 27 19:18:49 2014] [error] [client ::1] File does not exist: /Applications/MAMP/htdocs/graficos, referer: http://localhost:8888/condupdater/html/index.html
[Fri Jun 27 19:18:49 2014] [error] [client ::1] File does not exist: /Applications/MAMP/htdocs/graficos, referer: http://localhost:8888/condupdater/html/index.html
[Sat Jun 28 00:50:50 2014] [notice] caught SIGTERM, shutting down
